<?xml version="1.0" encoding="UTF-8"?>
<testsuite xmlns:xsi="http://www.w3.org/2001/XMLSchema-instance" xsi:noNamespaceSchemaLocation="https://maven.apache.org/surefire/maven-surefire-plugin/xsd/surefire-test-report-3.0.xsd" version="3.0" name="runners.TestRunner" time="14.187" tests="1" errors="0" skipped="0" failures="0">
  <properties>
[...]
</properties>
  <testcase name="Home page title and menu control" classname="Bedrock Streaming Home Page Test" time="11.902">
    <system-out><![CDATA[
@test
Scenario: Home page title and menu control                # src/test/resources/features/BedrockHome.feature:5
[Test] WebDriver initialized
[Test] Navigating to: https://bedrockstreaming.com/
[Test] HomePage class initialized
[Test] Navigating to URL: https://bedrockstreaming.com/
[Test] Getting home page title
[Test] Page title: Bedrock Streaming | Home
[Test] Page title: Bedrock Streaming | Home
  Given User navigates to "https://bedrockstreaming.com/" # stepdefinitions.HomePageSteps.user_navigates_to(java.lang.String)
[Test] Getting home page title
[Test] Page title: Bedrock Streaming | Home
[Test] Page title: Bedrock Streaming | Home
  When User checks the home page title                    # stepdefinitions.HomePageSteps.user_checks_the_home_page_title()
[Test] Checking Solutions menu visibility
[Test] Is element visible: true
[Test] Is Solutions menu visible: true
  And User sees "Solutions" tab in the menu               # stepdefinitions.HomePageSteps.user_sees_tab_in_the_menu(java.lang.String)
[Test] Clicking on Solutions menu...
[Test] Clicking on Solutions menu
[Test] Clicking on element: [[ChromeDriver: chrome on windows (7af39f4f5a668ffec7f9f3f6bcdff308)] -> xpath: //span[normalize-space()='Solution']]
  And User clicks on the Solutions menu                   # stepdefinitions.HomePageSteps.user_clicks_on_the_solutions_menu()
[Test] Clicking on Contact button...
[Test] Clicking on Contact button
[Test] Waiting for element to be visible: By.xpath: //a[contains(@href, 'contact') or contains(text(), 'Contact')]
[Test] Clicking on element: [[ChromeDriver: chrome on windows (7af39f4f5a668ffec7f9f3f6bcdff308)] -> xpath: //a[contains(@href, 'contact') or contains(text(), 'Contact')]]
  And User clicks on the "Contact" button                 # stepdefinitions.HomePageSteps.user_clicks_on_the_button(java.lang.String)
[Test] Checking Contact header visibility
[Test] Waiting for element to be visible: By.xpath: //h1[contains(., 'Contact')] | //h2[contains(., 'Contact')] | //div[contains(@class, 'contact')]//h1
[Test] Is Contact header visible: true
[Test] Getting Contact header text
[Test] Waiting for element to be visible: By.xpath: //h1[contains(., 'Contact')] | //h2[contains(., 'Contact')] | //div[contains(@class, 'contact')]//h1
[Test] Element text: Contact us
[Test] Expected header: Contact us
[Test] Actual header: Contact us
  Then Contact page opens and the title is "Contact us"   # stepdefinitions.HomePageSteps.contact_page_opens_and_the_title_is(java.lang.String)
[Test] Filling first name...
[Test] Filling first name: Ayse Nur
[Test] Waiting for element to be visible: By.cssSelector: #formFirstname
[Test] First name input found, clicking...
[Test] Clearing first name input...
[Test] Sending keys to first name input...
[Test] First name filled successfully
  When User fills first name as "Ayse Nur"                # stepdefinitions.HomePageSteps.user_fills_first_name(java.lang.String)
[Test] Filling last name...
[Test] Filling last name: TETIK
[Test] Waiting for element to be visible: By.cssSelector: #formLastname
[Test] Last name input found, clicking...
[Test] Clearing last name input...
[Test] Sending keys to last name input...
[Test] Last name filled successfully
  And User fills last name as "TETIK"                     # stepdefinitions.HomePageSteps.user_fills_last_name(java.lang.String)
[Test] Filling company...
[Test] Filling company: Bedrock
[Test] Waiting for element to be visible: By.cssSelector: #formCompany
[Test] Company input found, clicking...
[Test] Clearing company input...
[Test] Sending keys to company input...
[Test] Company filled successfully
  And User fills company as "Bedrock"                     # stepdefinitions.HomePageSteps.user_fills_company(java.lang.String)
[Test] Filling job title...
[Test] Filling job title: QA testeuse
[Test] Waiting for element to be visible: By.cssSelector: #formJob
[Test] Job title input found, clicking...
[Test] Clearing job title input...
[Test] Sending keys to job title input...
[Test] Job title filled successfully
[Test] Scrolling down after filling job title...
  And User fills job title as "QA testeuse"               # stepdefinitions.HomePageSteps.user_fills_job_title(java.lang.String)
[Test] Filling email...
[Test] Filling email: aysenur2044@hotmail.com
[Test] Waiting for element to be visible: By.cssSelector: #formEmail
[Test] Email input found, clicking...
[Test] Clearing email input...
[Test] Sending keys to email input...
[Test] Email filled successfully
  And User fills email as "aysenur2044@hotmail.com"       # stepdefinitions.HomePageSteps.user_fills_email(java.lang.String)
[Test] Filling phone...
[Test] Filling phone: 0769290691
[Test] Waiting for element to be visible: By.cssSelector: #formPhone
[Test] Phone input found, clicking...
[Test] Clearing phone input...
[Test] Sending keys to phone input...
[Test] Phone filled successfully
  And User fills phone as "0769290691"                    # stepdefinitions.HomePageSteps.user_fills_phone(java.lang.String)
[Test] Filling message...
[Test] Filling message: Hello !
[Test] Waiting for element to be visible: By.cssSelector: textarea[placeholder='Your message *']
[Test] Message textarea found, clicking...
[Test] Clearing message textarea...
[Test] Sending keys to message textarea...
[Test] Message filled successfully
  And User fills message as "Hello !"                     # stepdefinitions.HomePageSteps.user_fills_message(java.lang.String)
[Test] Checking Contact header visibility
[Test] Waiting for element to be visible: By.xpath: //h1[contains(., 'Contact')] | //h2[contains(., 'Contact')] | //div[contains(@class, 'contact')]//h1
[Test] Is Contact header visible: true
[Test] Getting Contact header text
[Test] Waiting for element to be visible: By.xpath: //h1[contains(., 'Contact')] | //h2[contains(., 'Contact')] | //div[contains(@class, 'contact')]//h1
[Test] Element text: Contact us
[Test] Expected header: Contact us
[Test] Actual header: Contact us
  Then Contact page opens and the title is "Contact us"   # stepdefinitions.HomePageSteps.contact_page_opens_and_the_title_is(java.lang.String)
[Test] WebDriver closed
]]></system-out>
    <system-err><![CDATA[SLF4J: No SLF4J providers were found.
SLF4J: Defaulting to no-operation (NOP) logger implementation
SLF4J: See https://www.slf4j.org/codes.html#noProviders for further details.
Nis 28, 2025 11:16:42 ÖÖ org.openqa.selenium.devtools.CdpVersionFinder findNearestMatch
WARNING: Unable to find CDP implementation matching 135
Nis 28, 2025 11:16:42 ÖÖ org.openqa.selenium.chromium.ChromiumDriver lambda$new$5
WARNING: Unable to find version of CDP to use for 135.0.7049.96. You may need to include a dependency on a specific version of the CDP using something similar to `org.seleniumhq.selenium:selenium-devtools-v86:4.16.1` where the version ("v86") matches the version of the chromium-based browser you're using and the version number of the artifact is the same as Selenium's.
]]></system-err>
  </testcase>
</testsuite>